<?xml version="1.0" encoding="UTF-8"?>
<!-- Generated by org.testng.reporters.JUnitXMLReporter -->
<testsuite ignored="0" hostname="abhijet" failures="0" tests="1" name="Default test" time="0.141" errors="0" timestamp="2023-04-15T20:31:48 IST">
  <testcase classname="testNGpack.VerifyPhone" name="@BeforeTest launchBrowser" time="-1.681570908266E9">
    <failure type="org.testng.TestNGException" message="
Parameter &amp;apos;browser123&amp;apos; is required by BeforeTest on method launchBrowser but has not been marked @Optional or defined
in C:\Users\rsc\AppData\Local\Temp\testng-eclipse--1749378371\testng-customsuite.xml">
      <![CDATA[org.testng.TestNGException: 
Parameter 'browser123' is required by BeforeTest on method launchBrowser but has not been marked @Optional or defined
in C:\Users\rsc\AppData\Local\Temp\testng-eclipse--1749378371\testng-customsuite.xml
at org.testng.internal.Parameters.createParams(Parameters.java:267)
at org.testng.internal.Parameters.createParametersForMethod(Parameters.java:355)
at org.testng.internal.Parameters.createParameters(Parameters.java:660)
at org.testng.internal.Parameters.createConfigurationParameters(Parameters.java:166)
at org.testng.internal.invokers.ConfigInvoker.invokeConfigurations(ConfigInvoker.java:300)
at org.testng.TestRunner.invokeTestConfigurations(TestRunner.java:645)
at org.testng.TestRunner.beforeRun(TestRunner.java:634)
at org.testng.TestRunner.run(TestRunner.java:596)
at org.testng.SuiteRunner.runTest(SuiteRunner.java:429)
at org.testng.SuiteRunner.runSequentially(SuiteRunner.java:423)
at org.testng.SuiteRunner.privateRun(SuiteRunner.java:383)
at org.testng.SuiteRunner.run(SuiteRunner.java:326)
at org.testng.SuiteRunnerWorker.runSuite(SuiteRunnerWorker.java:52)
at org.testng.SuiteRunnerWorker.run(SuiteRunnerWorker.java:95)
at org.testng.TestNG.runSuitesSequentially(TestNG.java:1249)
at org.testng.TestNG.runSuitesLocally(TestNG.java:1169)
at org.testng.TestNG.runSuites(TestNG.java:1092)
at org.testng.TestNG.run(TestNG.java:1060)
at org.testng.remote.AbstractRemoteTestNG.run(AbstractRemoteTestNG.java:115)
at org.testng.remote.RemoteTestNG.initAndRun(RemoteTestNG.java:251)
at org.testng.remote.RemoteTestNG.main(RemoteTestNG.java:77)
]]>
    </failure>
  </testcase> <!-- @BeforeTest launchBrowser -->
  <testcase classname="testNGpack.VerifyPhone" name="@BeforeClass createPOMobject" time="0.0">
    <skipped/>
  </testcase> <!-- @BeforeClass createPOMobject -->
  <testcase classname="testNGpack.VerifyPhone" name="@BeforeMethod searchPhone" time="0.0">
    <skipped/>
  </testcase> <!-- @BeforeMethod searchPhone -->
  <testcase classname="testNGpack.VerifyPhone" name="@AfterMethod afterMethod" time="0.0">
    <skipped/>
  </testcase> <!-- @AfterMethod afterMethod -->
  <testcase classname="testNGpack.VerifyPhone" name="@AfterClass afterClass" time="0.0">
    <skipped/>
  </testcase> <!-- @AfterClass afterClass -->
  <testcase classname="testNGpack.VerifyPhone" name="@AfterTest afterTest" time="0.0">
    <skipped/>
  </testcase> <!-- @AfterTest afterTest -->
  <testcase classname="testNGpack.VerifyPhone" name="verifyTheProductOnFlipkart" time="0.0">
    <skipped/>
  </testcase> <!-- verifyTheProductOnFlipkart -->
</testsuite> <!-- Default test -->
